[06-May-2026 18:34:45 UTC] SQL for storing class score: INSERT INTO lesson_results (quiz_id, teacher_id, accuracy, total_participants, end_time)
                VALUES ('1025aed0-f612-11f0-ae80-9a5f0c207d14', '656', '0', '1', '2026-05-06 18:34:45') 
[06-May-2026 18:34:45 UTC] {"error":"true","message":"Failed to store class results. Database error."}
[06-May-2026 18:41:55 UTC] SQL for storing class score: INSERT INTO lesson_results (quiz_id, teacher_id, accuracy, total_participants, end_time)
                VALUES ('1025aed0-f612-11f0-ae80-9a5f0c207d14', '656', 0, 1, '2026-05-06 18:41:55') 
[06-May-2026 18:41:55 UTC] {"error":"true","message":"Failed to store class results. Database error."}
[06-May-2026 18:49:38 UTC] SQL for storing class score: INSERT INTO lesson_results (quiz_id, teacher_id, accuracy, total_participants, end_time)
                VALUES ('1025aed0-f612-11f0-ae80-9a5f0c207d14', '656', 0, 1, '2026-05-06 18:49:38') 
[06-May-2026 18:49:38 UTC] {"error":"false","message":"Presentation ended and results archived successfully."}
[06-May-2026 18:50:58 UTC] SQL for storing class score: INSERT INTO lesson_results (quiz_id, teacher_id, accuracy, total_participants, end_time)
                VALUES ('1025aed0-f612-11f0-ae80-9a5f0c207d14', '656', 0, 1, '2026-05-06 18:50:58') 
[06-May-2026 18:50:58 UTC] {"error":"false","message":"Presentation ended and results archived successfully."}
[08-May-2026 13:11:18 Africa/Accra] Firebase ID: normal
[08-May-2026 13:15:31 Africa/Accra] Firebase ID: normal
[08-May-2026 14:23:53 Africa/Accra] Firebase ID: normal
[08-May-2026 14:24:09 Africa/Accra] Firebase ID: normal
[08-May-2026 15:32:59 Africa/Accra] PHP Warning:  Undefined array key 0 in /Users/jerry/Desktop/projects/admin-quiz/api-v2.php on line 1946
[08-May-2026 15:32:59 Africa/Accra] PHP Warning:  Trying to access array offset on null in /Users/jerry/Desktop/projects/admin-quiz/api-v2.php on line 1946
[08-May-2026 15:36:33 Africa/Accra] PHP Fatal error:  Uncaught TypeError: Cannot access offset of type string on string in /Users/jerry/Desktop/projects/admin-quiz/api-v2.php:1856
Stack trace:
#0 {main}
  thrown in /Users/jerry/Desktop/projects/admin-quiz/api-v2.php on line 1856
[08-May-2026 15:37:05 Africa/Accra] PHP Fatal error:  Uncaught TypeError: Cannot access offset of type string on string in /Users/jerry/Desktop/projects/admin-quiz/api-v2.php:1856
Stack trace:
#0 {main}
  thrown in /Users/jerry/Desktop/projects/admin-quiz/api-v2.php on line 1856
[08-May-2026 15:37:06 Africa/Accra] PHP Fatal error:  Uncaught TypeError: Cannot access offset of type string on string in /Users/jerry/Desktop/projects/admin-quiz/api-v2.php:1856
Stack trace:
#0 {main}
  thrown in /Users/jerry/Desktop/projects/admin-quiz/api-v2.php on line 1856
[08-May-2026 15:37:30 Africa/Accra] PHP Fatal error:  Uncaught TypeError: Cannot access offset of type string on string in /Users/jerry/Desktop/projects/admin-quiz/api-v2.php:1856
Stack trace:
#0 {main}
  thrown in /Users/jerry/Desktop/projects/admin-quiz/api-v2.php on line 1856
[08-May-2026 15:40:16 Africa/Accra] PHP Fatal error:  Uncaught TypeError: Cannot access offset of type string on string in /Users/jerry/Desktop/projects/admin-quiz/api-v2.php:1856
Stack trace:
#0 {main}
  thrown in /Users/jerry/Desktop/projects/admin-quiz/api-v2.php on line 1856
[08-May-2026 15:40:18 Africa/Accra] PHP Fatal error:  Uncaught TypeError: Cannot access offset of type string on string in /Users/jerry/Desktop/projects/admin-quiz/api-v2.php:1856
Stack trace:
#0 {main}
  thrown in /Users/jerry/Desktop/projects/admin-quiz/api-v2.php on line 1856
[08-May-2026 15:40:20 Africa/Accra] PHP Fatal error:  Uncaught TypeError: Cannot access offset of type string on string in /Users/jerry/Desktop/projects/admin-quiz/api-v2.php:1856
Stack trace:
#0 {main}
  thrown in /Users/jerry/Desktop/projects/admin-quiz/api-v2.php on line 1856
[08-May-2026 15:40:39 Africa/Accra] PHP Fatal error:  Uncaught TypeError: Cannot access offset of type string on string in /Users/jerry/Desktop/projects/admin-quiz/api-v2.php:1856
Stack trace:
#0 {main}
  thrown in /Users/jerry/Desktop/projects/admin-quiz/api-v2.php on line 1856
[08-May-2026 15:41:24 Africa/Accra] PHP Fatal error:  Uncaught TypeError: Cannot access offset of type string on string in /Users/jerry/Desktop/projects/admin-quiz/api-v2.php:1856
Stack trace:
#0 {main}
  thrown in /Users/jerry/Desktop/projects/admin-quiz/api-v2.php on line 1856
[08-May-2026 15:41:43 Africa/Accra] PHP Fatal error:  Uncaught TypeError: Cannot access offset of type string on string in /Users/jerry/Desktop/projects/admin-quiz/api-v2.php:1856
Stack trace:
#0 {main}
  thrown in /Users/jerry/Desktop/projects/admin-quiz/api-v2.php on line 1856
[08-May-2026 15:41:48 Africa/Accra] PHP Fatal error:  Uncaught TypeError: Cannot access offset of type string on string in /Users/jerry/Desktop/projects/admin-quiz/api-v2.php:1856
Stack trace:
#0 {main}
  thrown in /Users/jerry/Desktop/projects/admin-quiz/api-v2.php on line 1856
[08-May-2026 15:42:02 Africa/Accra] PHP Fatal error:  Uncaught TypeError: Cannot access offset of type string on string in /Users/jerry/Desktop/projects/admin-quiz/api-v2.php:1856
Stack trace:
#0 {main}
  thrown in /Users/jerry/Desktop/projects/admin-quiz/api-v2.php on line 1856
[08-May-2026 15:42:10 Africa/Accra] PHP Fatal error:  Uncaught TypeError: Cannot access offset of type string on string in /Users/jerry/Desktop/projects/admin-quiz/api-v2.php:1856
Stack trace:
#0 {main}
  thrown in /Users/jerry/Desktop/projects/admin-quiz/api-v2.php on line 1856
[08-May-2026 15:42:11 Africa/Accra] PHP Fatal error:  Uncaught TypeError: Cannot access offset of type string on string in /Users/jerry/Desktop/projects/admin-quiz/api-v2.php:1856
Stack trace:
#0 {main}
  thrown in /Users/jerry/Desktop/projects/admin-quiz/api-v2.php on line 1856
[08-May-2026 15:43:48 Africa/Accra] PHP Fatal error:  Uncaught TypeError: Cannot access offset of type string on string in /Users/jerry/Desktop/projects/admin-quiz/api-v2.php:1856
Stack trace:
#0 {main}
  thrown in /Users/jerry/Desktop/projects/admin-quiz/api-v2.php on line 1856
[08-May-2026 15:43:52 Africa/Accra] PHP Fatal error:  Uncaught TypeError: Cannot access offset of type string on string in /Users/jerry/Desktop/projects/admin-quiz/api-v2.php:1856
Stack trace:
#0 {main}
  thrown in /Users/jerry/Desktop/projects/admin-quiz/api-v2.php on line 1856
[08-May-2026 15:44:00 Africa/Accra] PHP Fatal error:  Uncaught TypeError: Cannot access offset of type string on string in /Users/jerry/Desktop/projects/admin-quiz/api-v2.php:1856
Stack trace:
#0 {main}
  thrown in /Users/jerry/Desktop/projects/admin-quiz/api-v2.php on line 1856
[08-May-2026 15:44:11 Africa/Accra] PHP Fatal error:  Uncaught TypeError: Cannot access offset of type string on string in /Users/jerry/Desktop/projects/admin-quiz/api-v2.php:1856
Stack trace:
#0 {main}
  thrown in /Users/jerry/Desktop/projects/admin-quiz/api-v2.php on line 1856
[08-May-2026 15:48:50 Africa/Accra] PHP Fatal error:  Uncaught TypeError: Cannot access offset of type string on string in /Users/jerry/Desktop/projects/admin-quiz/api-v2.php:1856
Stack trace:
#0 {main}
  thrown in /Users/jerry/Desktop/projects/admin-quiz/api-v2.php on line 1856
[08-May-2026 15:49:10 Africa/Accra] PHP Fatal error:  Uncaught TypeError: Cannot access offset of type string on string in /Users/jerry/Desktop/projects/admin-quiz/api-v2.php:1856
Stack trace:
#0 {main}
  thrown in /Users/jerry/Desktop/projects/admin-quiz/api-v2.php on line 1856
[08-May-2026 15:49:20 Africa/Accra] PHP Fatal error:  Uncaught TypeError: Cannot access offset of type string on string in /Users/jerry/Desktop/projects/admin-quiz/api-v2.php:1856
Stack trace:
#0 {main}
  thrown in /Users/jerry/Desktop/projects/admin-quiz/api-v2.php on line 1856
[08-May-2026 15:52:30 Africa/Accra] PHP Fatal error:  Uncaught TypeError: Cannot access offset of type string on string in /Users/jerry/Desktop/projects/admin-quiz/api-v2.php:1856
Stack trace:
#0 {main}
  thrown in /Users/jerry/Desktop/projects/admin-quiz/api-v2.php on line 1856
[08-May-2026 15:52:32 Africa/Accra] PHP Fatal error:  Uncaught TypeError: Cannot access offset of type string on string in /Users/jerry/Desktop/projects/admin-quiz/api-v2.php:1856
Stack trace:
#0 {main}
  thrown in /Users/jerry/Desktop/projects/admin-quiz/api-v2.php on line 1856
[08-May-2026 15:52:39 Africa/Accra] PHP Fatal error:  Uncaught TypeError: Cannot access offset of type string on string in /Users/jerry/Desktop/projects/admin-quiz/api-v2.php:1856
Stack trace:
#0 {main}
  thrown in /Users/jerry/Desktop/projects/admin-quiz/api-v2.php on line 1856
[08-May-2026 15:54:46 Africa/Accra] PHP Fatal error:  Uncaught TypeError: Cannot access offset of type string on string in /Users/jerry/Desktop/projects/admin-quiz/api-v2.php:1856
Stack trace:
#0 {main}
  thrown in /Users/jerry/Desktop/projects/admin-quiz/api-v2.php on line 1856
[08-May-2026 15:54:48 Africa/Accra] PHP Fatal error:  Uncaught TypeError: Cannot access offset of type string on string in /Users/jerry/Desktop/projects/admin-quiz/api-v2.php:1856
Stack trace:
#0 {main}
  thrown in /Users/jerry/Desktop/projects/admin-quiz/api-v2.php on line 1856
[08-May-2026 16:12:37 Africa/Accra] PHP Warning:  Undefined array key 0 in /Users/jerry/Desktop/projects/admin-quiz/api-v2.php on line 1946
[08-May-2026 16:12:37 Africa/Accra] PHP Warning:  Trying to access array offset on null in /Users/jerry/Desktop/projects/admin-quiz/api-v2.php on line 1946
[08-May-2026 16:31:32 Africa/Accra] PHP Fatal error:  Uncaught TypeError: Cannot access offset of type string on string in /Users/jerry/Desktop/projects/admin-quiz/api-v2.php:1856
Stack trace:
#0 {main}
  thrown in /Users/jerry/Desktop/projects/admin-quiz/api-v2.php on line 1856
[08-May-2026 17:29:52 Africa/Accra] PHP Fatal error:  Uncaught TypeError: Cannot access offset of type string on string in /Users/jerry/Desktop/projects/admin-quiz/api-v2.php:1856
Stack trace:
#0 {main}
  thrown in /Users/jerry/Desktop/projects/admin-quiz/api-v2.php on line 1856
[08-May-2026 17:29:54 Africa/Accra] PHP Fatal error:  Uncaught TypeError: Cannot access offset of type string on string in /Users/jerry/Desktop/projects/admin-quiz/api-v2.php:1856
Stack trace:
#0 {main}
  thrown in /Users/jerry/Desktop/projects/admin-quiz/api-v2.php on line 1856
[08-May-2026 17:29:56 Africa/Accra] PHP Fatal error:  Uncaught TypeError: Cannot access offset of type string on string in /Users/jerry/Desktop/projects/admin-quiz/api-v2.php:1856
Stack trace:
#0 {main}
  thrown in /Users/jerry/Desktop/projects/admin-quiz/api-v2.php on line 1856
[09-May-2026 08:38:00 Africa/Accra] Firebase ID: normal
[15-May-2026 20:48:20 Africa/Accra] Firebase ID: normal
[15-May-2026 20:52:04 Africa/Accra] Firebase ID: normal
[15-May-2026 20:54:09 Africa/Accra] Firebase ID: normal
[17-May-2026 18:42:20 Africa/Accra] Firebase ID: normal
[18-May-2026 21:32:49 Africa/Accra] Firebase ID: normal
[18-May-2026 21:35:48 Africa/Accra] Firebase ID: normal
[19-May-2026 08:56:49 Africa/Accra] Firebase ID: normal
[19-May-2026 08:57:00 Africa/Accra] Firebase ID: normal
[19-May-2026 09:26:27 Africa/Accra] Firebase ID: normal
[19-May-2026 09:29:09 UTC] Received request to create category with data: Array
(
    [create_category] => 1
    [name] => untitled
    [quiz_type] => passage
    [teacher_id] => 656
    [access_key] => 6808
)

[19-May-2026 09:29:09 UTC] Duplicate Check Result: Array
(
)

[19-May-2026 09:44:18 UTC] Received request to create category with data: Array
(
    [create_category] => 1
    [name] => untitled
    [quiz_type] => passage
    [teacher_id] => 656
    [access_key] => 6808
)

[19-May-2026 09:44:18 UTC] Duplicate Check Result: Array
(
    [0] => Array
        (
            [uid] => 305e6f88-5365-11f1-97c0-85336d8c74a3
        )

)

[19-May-2026 10:30:01 UTC] Received request to create category with data: Array
(
    [create_category] => 1
    [name] => untitled
    [quiz_type] => passage
    [teacher_id] => 656
    [access_key] => 6808
)

[19-May-2026 10:30:01 UTC] Duplicate Check Result: Array
(
    [0] => Array
        (
            [uid] => 4e86f6cc-5367-11f1-97c0-85336d8c74a3
        )

)

[19-May-2026 11:07:39 UTC] PHP Warning:  Undefined array key "name" in /Users/jerry/Desktop/projects/admin-quiz/api-v2-teacher.php on line 517
[19-May-2026 11:07:39 UTC] PHP Deprecated:  mysqli::real_escape_string(): Passing null to parameter #1 ($string) of type string is deprecated in /Users/jerry/Desktop/projects/admin-quiz/library/crud.php on line 313
[19-May-2026 11:32:59 UTC] Received request to create category with data: Array
(
    [create_category] => 1
    [name] => untitled
    [quiz_type] => passage
    [teacher_id] => 656
    [access_key] => 6808
)

[19-May-2026 11:32:59 UTC] Duplicate Check Result: Array
(
)

[20-May-2026 20:05:06 Africa/Accra] Firebase ID: normal
[20-May-2026 20:40:01 UTC] Received request to create category with data: Array
(
    [create_category] => 1
    [name] => untitled
    [quiz_type] => passage
    [teacher_id] => 656
    [access_key] => 6808
)

[20-May-2026 20:40:01 UTC] Duplicate Check Result: Array
(
    [0] => Array
        (
            [uid] => 7d017216-5376-11f1-97c0-85336d8c74a3
        )

)

[20-May-2026 22:08:21 UTC] Add activity called
[20-May-2026 22:08:21 UTC] []
[20-May-2026 22:14:55 Africa/Accra] Firebase ID: normal
[20-May-2026 22:25:11 Africa/Accra] Firebase ID: normal
[20-May-2026 22:29:40 UTC] Add activity called
[20-May-2026 22:29:40 UTC] []
[20-May-2026 22:29:51 UTC] Add activity called
[20-May-2026 22:29:51 UTC] []
[20-May-2026 22:30:06 UTC] Add activity called
[20-May-2026 22:30:06 UTC] []
[20-May-2026 22:32:15 UTC] Add activity called
[20-May-2026 22:32:15 UTC] []
[20-May-2026 22:32:24 UTC] Add activity called
[20-May-2026 22:32:24 UTC] []
[20-May-2026 22:32:51 UTC] Add activity called
[20-May-2026 22:32:51 UTC] []
[20-May-2026 22:32:52 UTC] Add activity called
[20-May-2026 22:32:52 UTC] []
[20-May-2026 22:34:00 UTC] Add activity called
[20-May-2026 22:34:00 UTC] []
[20-May-2026 22:34:06 UTC] Add activity called
[20-May-2026 22:34:06 UTC] []
[20-May-2026 22:34:26 UTC] Add activity called
[20-May-2026 22:34:26 UTC] []
[22-May-2026 20:24:33 Africa/Accra] Firebase ID: normal
[22-May-2026 20:52:52 UTC] Received request to create category with data: Array
(
    [create_category] => 1
    [name] => untitled
    [quiz_type] => passage
    [teacher_id] => 656
    [access_key] => 6808
)

[22-May-2026 20:52:52 UTC] Duplicate Check Result: Array
(
    [0] => Array
        (
            [uid] => 12ce303e-548c-11f1-8bc7-a3dc6564c6b3
        )

)

[23-May-2026 12:16:02 Africa/Accra] Firebase ID: normal
[23-May-2026 12:16:44 UTC] Add activity called
[23-May-2026 12:16:44 UTC] []
